<?xml version="1.0" encoding="UTF-8"?>
<testng-results skipped="0" failed="0" ignored="0" total="0" passed="0">
  <reporter-output>
  </reporter-output>
  <suite name="testing-regression" duration-ms="4" started-at="2017-08-18T13:57:16Z" finished-at="2017-08-18T13:57:16Z">
    <groups>
    </groups>
    <test name="com.regression.testng.tests" duration-ms="4" started-at="2017-08-18T13:57:16Z" finished-at="2017-08-18T13:57:16Z">
    </test> <!-- com.regression.testng.tests -->
  </suite> <!-- testing-regression -->
</testng-results>
